  Book.cpp
  BookPile.cpp
E:\School\Last Semester School Work\GitHub\CS 250\PROJECTS\Book Pile Array\Book Pile Array\BookPile.h(10,8): error C2143: syntax error: missing ';' before '<'
E:\School\Last Semester School Work\GitHub\CS 250\PROJECTS\Book Pile Array\Book Pile Array\BookPile.h(10,8): error C4430: missing type specifier - int assumed. Note: C++ does not support default-int
E:\School\Last Semester School Work\GitHub\CS 250\PROJECTS\Book Pile Array\Book Pile Array\BookPile.h(10,27): error C2238: unexpected token(s) preceding ';'
E:\School\Last Semester School Work\GitHub\CS 250\PROJECTS\Book Pile Array\Book Pile Array\BookPile.cpp(10,2): error C2065: 'books': undeclared identifier
  main.cpp
E:\School\Last Semester School Work\GitHub\CS 250\PROJECTS\Book Pile Array\Book Pile Array\BookPile.h(10,8): error C2143: syntax error: missing ';' before '<'
E:\School\Last Semester School Work\GitHub\CS 250\PROJECTS\Book Pile Array\Book Pile Array\BookPile.h(10,8): error C4430: missing type specifier - int assumed. Note: C++ does not support default-int
E:\School\Last Semester School Work\GitHub\CS 250\PROJECTS\Book Pile Array\Book Pile Array\BookPile.h(10,27): error C2238: unexpected token(s) preceding ';'
E:\School\Last Semester School Work\GitHub\CS 250\PROJECTS\Book Pile Array\Book Pile Array\main.cpp(15,47): error C2039: 'size': is not a member of 'BookPile'
E:\School\Last Semester School Work\GitHub\CS 250\PROJECTS\Book Pile Array\Book Pile Array\BookPile.h(7,7): message : see declaration of 'BookPile'
E:\School\Last Semester School Work\GitHub\CS 250\PROJECTS\Book Pile Array\Book Pile Array\main.cpp(18,76): error C2039: 'addBook': is not a member of 'BookPile'
E:\School\Last Semester School Work\GitHub\CS 250\PROJECTS\Book Pile Array\Book Pile Array\BookPile.h(7,7): message : see declaration of 'BookPile'
E:\School\Last Semester School Work\GitHub\CS 250\PROJECTS\Book Pile Array\Book Pile Array\main.cpp(21,60): error C2039: 'size': is not a member of 'BookPile'
E:\School\Last Semester School Work\GitHub\CS 250\PROJECTS\Book Pile Array\Book Pile Array\BookPile.h(7,7): message : see declaration of 'BookPile'
E:\School\Last Semester School Work\GitHub\CS 250\PROJECTS\Book Pile Array\Book Pile Array\main.cpp(24,12): error C2039: 'displayPile': is not a member of 'BookPile'
E:\School\Last Semester School Work\GitHub\CS 250\PROJECTS\Book Pile Array\Book Pile Array\BookPile.h(7,7): message : see declaration of 'BookPile'
E:\School\Last Semester School Work\GitHub\CS 250\PROJECTS\Book Pile Array\Book Pile Array\main.cpp(26,67): error C2039: 'addBook': is not a member of 'BookPile'
E:\School\Last Semester School Work\GitHub\CS 250\PROJECTS\Book Pile Array\Book Pile Array\BookPile.h(7,7): message : see declaration of 'BookPile'
E:\School\Last Semester School Work\GitHub\CS 250\PROJECTS\Book Pile Array\Book Pile Array\main.cpp(29,79): error C2039: 'bookPosition': is not a member of 'BookPile'
E:\School\Last Semester School Work\GitHub\CS 250\PROJECTS\Book Pile Array\Book Pile Array\BookPile.h(7,7): message : see declaration of 'BookPile'
E:\School\Last Semester School Work\GitHub\CS 250\PROJECTS\Book Pile Array\Book Pile Array\main.cpp(32,69): error C2039: 'bookPosition': is not a member of 'BookPile'
E:\School\Last Semester School Work\GitHub\CS 250\PROJECTS\Book Pile Array\Book Pile Array\BookPile.h(7,7): message : see declaration of 'BookPile'
E:\School\Last Semester School Work\GitHub\CS 250\PROJECTS\Book Pile Array\Book Pile Array\main.cpp(35,55): error C2039: 'getPosition': is not a member of 'BookPile'
E:\School\Last Semester School Work\GitHub\CS 250\PROJECTS\Book Pile Array\Book Pile Array\BookPile.h(7,7): message : see declaration of 'BookPile'
E:\School\Last Semester School Work\GitHub\CS 250\PROJECTS\Book Pile Array\Book Pile Array\main.cpp(37,58): error C2039: 'removePosition': is not a member of 'BookPile'
E:\School\Last Semester School Work\GitHub\CS 250\PROJECTS\Book Pile Array\Book Pile Array\BookPile.h(7,7): message : see declaration of 'BookPile'
E:\School\Last Semester School Work\GitHub\CS 250\PROJECTS\Book Pile Array\Book Pile Array\main.cpp(39,66): error C2039: 'removeBook': is not a member of 'BookPile'
E:\School\Last Semester School Work\GitHub\CS 250\PROJECTS\Book Pile Array\Book Pile Array\BookPile.h(7,7): message : see declaration of 'BookPile'
E:\School\Last Semester School Work\GitHub\CS 250\PROJECTS\Book Pile Array\Book Pile Array\main.cpp(42,63): error C2039: 'removeBook': is not a member of 'BookPile'
E:\School\Last Semester School Work\GitHub\CS 250\PROJECTS\Book Pile Array\Book Pile Array\BookPile.h(7,7): message : see declaration of 'BookPile'
E:\School\Last Semester School Work\GitHub\CS 250\PROJECTS\Book Pile Array\Book Pile Array\main.cpp(45,68): error C2039: 'rename': is not a member of 'BookPile'
E:\School\Last Semester School Work\GitHub\CS 250\PROJECTS\Book Pile Array\Book Pile Array\BookPile.h(7,7): message : see declaration of 'BookPile'
E:\School\Last Semester School Work\GitHub\CS 250\PROJECTS\Book Pile Array\Book Pile Array\main.cpp(48,68): error C2039: 'rename': is not a member of 'BookPile'
E:\School\Last Semester School Work\GitHub\CS 250\PROJECTS\Book Pile Array\Book Pile Array\BookPile.h(7,7): message : see declaration of 'BookPile'
E:\School\Last Semester School Work\GitHub\CS 250\PROJECTS\Book Pile Array\Book Pile Array\main.cpp(51,47): error C2039: 'size': is not a member of 'BookPile'
E:\School\Last Semester School Work\GitHub\CS 250\PROJECTS\Book Pile Array\Book Pile Array\BookPile.h(7,7): message : see declaration of 'BookPile'
E:\School\Last Semester School Work\GitHub\CS 250\PROJECTS\Book Pile Array\Book Pile Array\main.cpp(54,12): error C2039: 'displayPile': is not a member of 'BookPile'
E:\School\Last Semester School Work\GitHub\CS 250\PROJECTS\Book Pile Array\Book Pile Array\BookPile.h(7,7): message : see declaration of 'BookPile'
E:\School\Last Semester School Work\GitHub\CS 250\PROJECTS\Book Pile Array\Book Pile Array\main.cpp(57,12): error C2039: 'clear': is not a member of 'BookPile'
E:\School\Last Semester School Work\GitHub\CS 250\PROJECTS\Book Pile Array\Book Pile Array\BookPile.h(7,7): message : see declaration of 'BookPile'
E:\School\Last Semester School Work\GitHub\CS 250\PROJECTS\Book Pile Array\Book Pile Array\main.cpp(59,47): error C2039: 'size': is not a member of 'BookPile'
E:\School\Last Semester School Work\GitHub\CS 250\PROJECTS\Book Pile Array\Book Pile Array\BookPile.h(7,7): message : see declaration of 'BookPile'
E:\School\Last Semester School Work\GitHub\CS 250\PROJECTS\Book Pile Array\Book Pile Array\main.cpp(61,12): error C2039: 'displayPile': is not a member of 'BookPile'
E:\School\Last Semester School Work\GitHub\CS 250\PROJECTS\Book Pile Array\Book Pile Array\BookPile.h(7,7): message : see declaration of 'BookPile'
E:\School\Last Semester School Work\GitHub\CS 250\PROJECTS\Book Pile Array\Book Pile Array\main.cpp(64,21): error C2665: 'BookPile::BookPile': no overloaded function could convert all the argument types
E:\School\Last Semester School Work\GitHub\CS 250\PROJECTS\Book Pile Array\Book Pile Array\BookPile.h(25,1): message : could be 'BookPile::BookPile(BookPile &&)'
E:\School\Last Semester School Work\GitHub\CS 250\PROJECTS\Book Pile Array\Book Pile Array\main.cpp(64,21): message : 'BookPile::BookPile(BookPile &&)': cannot convert argument 1 from 'std::vector<std::string,std::allocator<std::string>>' to 'BookPile &&'
E:\School\Last Semester School Work\GitHub\CS 250\PROJECTS\Book Pile Array\Book Pile Array\main.cpp(64,22): message : Reason: cannot convert from 'std::vector<std::string,std::allocator<std::string>>' to 'BookPile'
E:\School\Last Semester School Work\GitHub\CS 250\PROJECTS\Book Pile Array\Book Pile Array\main.cpp(64,22): message : No user-defined-conversion operator available that can perform this conversion, or the operator cannot be called
E:\School\Last Semester School Work\GitHub\CS 250\PROJECTS\Book Pile Array\Book Pile Array\BookPile.h(25,1): message : or       'BookPile::BookPile(const BookPile &)'
E:\School\Last Semester School Work\GitHub\CS 250\PROJECTS\Book Pile Array\Book Pile Array\main.cpp(64,21): message : 'BookPile::BookPile(const BookPile &)': cannot convert argument 1 from 'std::vector<std::string,std::allocator<std::string>>' to 'const BookPile &'
E:\School\Last Semester School Work\GitHub\CS 250\PROJECTS\Book Pile Array\Book Pile Array\main.cpp(64,22): message : Reason: cannot convert from 'std::vector<std::string,std::allocator<std::string>>' to 'const BookPile'
E:\School\Last Semester School Work\GitHub\CS 250\PROJECTS\Book Pile Array\Book Pile Array\main.cpp(64,22): message : No user-defined-conversion operator available that can perform this conversion, or the operator cannot be called
E:\School\Last Semester School Work\GitHub\CS 250\PROJECTS\Book Pile Array\Book Pile Array\main.cpp(64,21): message : while trying to match the argument list '(std::vector<std::string,std::allocator<std::string>>)'
E:\School\Last Semester School Work\GitHub\CS 250\PROJECTS\Book Pile Array\Book Pile Array\main.cpp(66,13): error C2039: 'displayPile': is not a member of 'BookPile'
E:\School\Last Semester School Work\GitHub\CS 250\PROJECTS\Book Pile Array\Book Pile Array\BookPile.h(7,7): message : see declaration of 'BookPile'
  Generating Code...
